<?xml version="1.0" encoding="UTF-8"?>
<!-- Generated by org.testng.reporters.JUnitReportReporter -->
<testsuite hostname="HbpSoft" failures="0" tests="5" name="Sanity.Atlas.Hide_annotation" time="71.829" errors="0" timestamp="2024-04-17T18:18:01 IST" skipped="0">
  <testcase classname="Sanity.Atlas.Hide_annotation" name="Login" time="28.413"/>
  <system-out/>
  <testcase classname="Sanity.Atlas.Hide_annotation" name="table" time="7.770"/>
  <system-out/>
  <testcase classname="Sanity.Atlas.Hide_annotation" name="Direct_Draw_page" time="8.391"/>
  <system-out/>
  <testcase classname="Sanity.Atlas.Hide_annotation" name="search" time="6.470"/>
  <system-out/>
  <testcase classname="Sanity.Atlas.Hide_annotation" name="drawSquareInMiddle" time="20.785"/>
  <system-out/>
</testsuite> <!-- Sanity.Atlas.Hide_annotation -->
