<?xml version="1.0" encoding="UTF-8"?>
<!-- Generated by org.testng.reporters.JUnitReportReporter -->
<testsuite hostname="HbpSoft" failures="0" tests="6" name="Sanity.Atlas.AtlasEditor_Activity" time="69.572" errors="0" timestamp="2024-04-10T11:58:54 IST" skipped="0">
  <testcase classname="Sanity.Atlas.AtlasEditor_Activity" name="login" time="14.727"/>
  <system-out/>
  <testcase classname="Sanity.Atlas.AtlasEditor_Activity" name="brain_search" time="19.790"/>
  <system-out/>
  <testcase classname="Sanity.Atlas.AtlasEditor_Activity" name="activity_Search" time="19.676"/>
  <system-out/>
  <testcase classname="Sanity.Atlas.AtlasEditor_Activity" name="userName" time="4.171"/>
  <system-out/>
  <testcase classname="Sanity.Atlas.AtlasEditor_Activity" name="Action" time="4.102"/>
  <system-out/>
  <testcase classname="Sanity.Atlas.AtlasEditor_Activity" name="Info" time="7.106"/>
  <system-out/>
</testsuite> <!-- Sanity.Atlas.AtlasEditor_Activity -->
