<?xml version="1.0" encoding="UTF-8"?>
<!-- Generated by org.testng.reporters.JUnitReportReporter -->
<testsuite hostname="HbpSoft" failures="0" tests="1" name="Sanity.Atlas.Today_activity" time="0.468" errors="0" timestamp="2024-04-01T12:50:11 IST" skipped="0">
  <testcase classname="Sanity.Atlas.Today_activity" name="testDB" time="0.468"/>
  <system-out/>
</testsuite> <!-- Sanity.Atlas.Today_activity -->
